{"/home/shashank-loki/development/github/LiveStocksApp/js/Indicators.jsx": {"path":"/home/shashank-loki/development/github/LiveStocksApp/js/Indicators.jsx","statementMap":{"0":{"start":{"line":4,"column":16},"end":{"line":8,"column":1}},"1":{"start":{"line":9,"column":15},"end":{"line":16,"column":1}},"2":{"start":{"line":18,"column":13},"end":{"line":25,"column":1}},"3":{"start":{"line":26,"column":18},"end":{"line":32,"column":1}},"4":{"start":{"line":27,"column":1},"end":{"line":31,"column":7}}},"fnMap":{"0":{"name":"(anonymous_0)","decl":{"start":{"line":26,"column":18},"end":{"line":26,"column":19}},"loc":{"start":{"line":27,"column":1},"end":{"line":31,"column":7}},"line":27}},"branchMap":{},"s":{"0":1,"1":1,"2":1,"3":1,"4":1},"f":{"0":1},"b":{},"_coverageSchema":"332fd63041d2c1bcb487cc26dd0d5f7d97098a6c","hash":"00c325a8a43c1df84eacc2f4a7b3f4e44d9ba4a3"}
,"/home/shashank-loki/development/github/LiveStocksApp/js/Loading.jsx": {"path":"/home/shashank-loki/development/github/LiveStocksApp/js/Loading.jsx","statementMap":{"0":{"start":{"line":6,"column":13},"end":{"line":13,"column":1}},"1":{"start":{"line":15,"column":14},"end":{"line":20,"column":1}},"2":{"start":{"line":22,"column":16},"end":{"line":22,"column":85}},"3":{"start":{"line":22,"column":22},"end":{"line":22,"column":85}}},"fnMap":{"0":{"name":"(anonymous_0)","decl":{"start":{"line":22,"column":16},"end":{"line":22,"column":17}},"loc":{"start":{"line":22,"column":22},"end":{"line":22,"column":85}},"line":22}},"branchMap":{},"s":{"0":1,"1":1,"2":1,"3":1},"f":{"0":1},"b":{},"_coverageSchema":"332fd63041d2c1bcb487cc26dd0d5f7d97098a6c","hash":"12ce49efe3dc2d40d5cbe59a5e78577bb02d9935"}
}
